<?xml version="1.0" encoding="UTF-8"?>
<testng-results ignored="0" total="1" passed="1" failed="0" skipped="0">
  <reporter-output>
  </reporter-output>
  <suite started-at="2022-10-11T13:33:07 IST" name="Default suite" finished-at="2022-10-11T13:33:35 IST" duration-ms="27538">
    <groups>
    </groups>
    <test started-at="2022-10-11T13:33:07 IST" name="Default test" finished-at="2022-10-11T13:33:35 IST" duration-ms="27538">
      <class name="com.flipkart.test.FlipkartTests">
        <test-method is-config="true" signature="setUp()[pri:0, instance:com.flipkart.test.FlipkartTests@1807e3f6]" started-at="2022-10-11T13:33:01 IST" name="setUp" finished-at="2022-10-11T13:33:07 IST" duration-ms="6376" status="PASS">
          <reporter-output>
          </reporter-output>
        </test-method> <!-- setUp -->
        <test-method signature="chk()[pri:0, instance:com.flipkart.test.FlipkartTests@1807e3f6]" started-at="2022-10-11T13:33:07 IST" name="chk" finished-at="2022-10-11T13:33:35 IST" duration-ms="27477" status="PASS">
          <reporter-output>
          </reporter-output>
        </test-method> <!-- chk -->
      </class> <!-- com.flipkart.test.FlipkartTests -->
    </test> <!-- Default test -->
  </suite> <!-- Default suite -->
</testng-results>
