<?xml version="1.0" encoding="UTF-8"?>
<!-- Generated by org.testng.reporters.JUnitXMLReporter -->
<testsuite ignored="0" hostname="DESKTOP-8ELVUAA" failures="0" tests="3" name="SmokeTests" time="0.065" errors="0" timestamp="2022-09-28T11:00:04 IST">
  <testcase classname="testpkg.ParamTest" name="applyForLoan" time="0.006"/>
  <testcase classname="testpkg.ParamTest" name="applyForLoan" time="0.001"/>
  <testcase classname="testpkg.ParamTest" name="applyForLoan" time="0.002"/>
</testsuite> <!-- SmokeTests -->
